# JRE version: 7.0_21-b11
# Java VM: Java HotSpot(TM) 64-Bit Server VM (23.21-b01 mixed mode windows-amd64 compressed oops)
Heap
 PSYoungGen      total 123584K, used 76524K [0x00000007d5e00000, 0x00000007deb60000, 0x0000000800000000)
  eden space 102528K, 74% used [0x00000007d5e00000,0x00000007da8bb3f0,0x00000007dc220000)
  from space 21056K, 0% used [0x00000007dd6d0000,0x00000007dd6d0000,0x00000007deb60000)
  to   space 21120K, 0% used [0x00000007dc220000,0x00000007dc220000,0x00000007dd6c0000)
 ParOldGen       total 86272K, used 47863K [0x0000000781a00000, 0x0000000786e40000, 0x00000007d5e00000)
  object space 86272K, 55% used [0x0000000781a00000,0x00000007848bdd70,0x0000000786e40000)
 PSPermGen       total 35072K, used 34948K [0x000000077c800000, 0x000000077ea40000, 0x0000000781a00000)
  object space 35072K, 99% used [0x000000077c800000,0x000000077ea21388,0x000000077ea40000)
GC Heap History (10 events):
Event: 16.264 GC heap before
{Heap before GC invocations=11 (full 0):
 PSYoungGen      total 123584K, used 116021K [0x00000007d5e00000, 0x00000007deb60000, 0x0000000800000000)
  eden space 102528K, 100% used [0x00000007d5e00000,0x00000007dc220000,0x00000007dc220000)
  from space 21056K, 64% used [0x00000007dd6d0000,0x00000007de3fd640,0x00000007deb60000)
  to   space 21120K, 0% used [0x00000007dc220000,0x00000007dc220000,0x00000007dd6c0000)
 ParOldGen       total 86272K, used 41078K [0x0000000781a00000, 0x0000000786e40000, 0x00000007d5e00000)
  object space 86272K, 47% used [0x0000000781a00000,0x000000078421d9d8,0x0000000786e40000)
 PSPermGen       total 27008K, used 26929K [0x000000077c800000, 0x000000077e260000, 0x0000000781a00000)
  object space 27008K, 99% used [0x000000077c800000,0x000000077e24c7c0,0x000000077e260000)
Event: 16.292 GC heap after
Heap after GC invocations=11 (full 0):
 PSYoungGen      total 123648K, used 20770K [0x00000007d5e00000, 0x00000007deb60000, 0x0000000800000000)
  eden space 102528K, 0% used [0x00000007d5e00000,0x00000007d5e00000,0x00000007dc220000)
  from space 21120K, 98% used [0x00000007dc220000,0x00000007dd668978,0x00000007dd6c0000)
  to   space 21056K, 0% used [0x00000007dd6d0000,0x00000007dd6d0000,0x00000007deb60000)
 ParOldGen       total 86272K, used 46680K [0x0000000781a00000, 0x0000000786e40000, 0x00000007d5e00000)
  object space 86272K, 54% used [0x0000000781a00000,0x0000000784796268,0x0000000786e40000)
 PSPermGen       total 27008K, used 26929K [0x000000077c800000, 0x000000077e260000, 0x0000000781a00000)
  object space 27008K, 99% used [0x000000077c800000,0x000000077e24c7c0,0x000000077e260000)
}
Event: 16.910 GC heap before
{Heap before GC invocations=12 (full 0):
 PSYoungGen      total 123648K, used 123298K [0x00000007d5e00000, 0x00000007deb60000, 0x0000000800000000)
  eden space 102528K, 100% used [0x00000007d5e00000,0x00000007dc220000,0x00000007dc220000)
  from space 21120K, 98% used [0x00000007dc220000,0x00000007dd668978,0x00000007dd6c0000)
  to   space 21056K, 0% used [0x00000007dd6d0000,0x00000007dd6d0000,0x00000007deb60000)
 ParOldGen       total 86272K, used 46680K [0x0000000781a00000, 0x0000000786e40000, 0x00000007d5e00000)
  object space 86272K, 54% used [0x0000000781a00000,0x0000000784796268,0x0000000786e40000)
 PSPermGen       total 27008K, used 26932K [0x000000077c800000, 0x000000077e260000, 0x0000000781a00000)
  object space 27008K, 99% used [0x000000077c800000,0x000000077e24d178,0x000000077e260000)
Event: 16.968 GC heap after
Heap after GC invocations=12 (full 0):
 PSYoungGen      total 123584K, used 21048K [0x00000007d5e00000, 0x00000007deb60000, 0x0000000800000000)
  eden space 102528K, 0% used [0x00000007d5e00000,0x00000007d5e00000,0x00000007dc220000)
  from space 21056K, 99% used [0x00000007dd6d0000,0x00000007deb5e2b8,0x00000007deb60000)
  to   space 21120K, 0% used [0x00000007dc220000,0x00000007dc220000,0x00000007dd6c0000)
 ParOldGen       total 86272K, used 56991K [0x0000000781a00000, 0x0000000786e40000, 0x00000007d5e00000)
  object space 86272K, 66% used [0x0000000781a00000,0x00000007851a7e70,0x0000000786e40000)
 PSPermGen       total 27008K, used 26932K [0x000000077c800000, 0x000000077e260000, 0x0000000781a00000)
  object space 27008K, 99% used [0x000000077c800000,0x000000077e24d178,0x000000077e260000)
}
Event: 17.720 GC heap before
{Heap before GC invocations=13 (full 0):
 PSYoungGen      total 123584K, used 123576K [0x00000007d5e00000, 0x00000007deb60000, 0x0000000800000000)
  eden space 102528K, 100% used [0x00000007d5e00000,0x00000007dc220000,0x00000007dc220000)
  from space 21056K, 99% used [0x00000007dd6d0000,0x00000007deb5e2b8,0x00000007deb60000)
  to   space 21120K, 0% used [0x00000007dc220000,0x00000007dc220000,0x00000007dd6c0000)
 ParOldGen       total 86272K, used 56991K [0x0000000781a00000, 0x0000000786e40000, 0x00000007d5e00000)
  object space 86272K, 66% used [0x0000000781a00000,0x00000007851a7e70,0x0000000786e40000)
 PSPermGen       total 27008K, used 26937K [0x000000077c800000, 0x000000077e260000, 0x0000000781a00000)
  object space 27008K, 99% used [0x000000077c800000,0x000000077e24e4f0,0x000000077e260000)
Event: 17.760 GC heap after
Heap after GC invocations=13 (full 0):
 PSYoungGen      total 123648K, used 21078K [0x00000007d5e00000, 0x00000007deb60000, 0x0000000800000000)
  eden space 102528K, 0% used [0x00000007d5e00000,0x00000007d5e00000,0x00000007dc220000)
  from space 21120K, 99% used [0x00000007dc220000,0x00000007dd6b5928,0x00000007dd6c0000)
  to   space 21056K, 0% used [0x00000007dd6d0000,0x00000007dd6d0000,0x00000007deb60000)
 ParOldGen       total 86272K, used 66435K [0x0000000781a00000, 0x0000000786e40000, 0x00000007d5e00000)
  object space 86272K, 77% used [0x0000000781a00000,0x0000000785ae0dd8,0x0000000786e40000)
 PSPermGen       total 27008K, used 26937K [0x000000077c800000, 0x000000077e260000, 0x0000000781a00000)
  object space 27008K, 99% used [0x000000077c800000,0x000000077e24e4f0,0x000000077e260000)
}
Event: 18.371 GC heap before
{Heap before GC invocations=14 (full 0):
 PSYoungGen      total 123648K, used 123606K [0x00000007d5e00000, 0x00000007deb60000, 0x0000000800000000)
  eden space 102528K, 100% used [0x00000007d5e00000,0x00000007dc220000,0x00000007dc220000)
  from space 21120K, 99% used [0x00000007dc220000,0x00000007dd6b5928,0x00000007dd6c0000)
  to   space 21056K, 0% used [0x00000007dd6d0000,0x00000007dd6d0000,0x00000007deb60000)
 ParOldGen       total 86272K, used 66435K [0x0000000781a00000, 0x0000000786e40000, 0x00000007d5e00000)
  object space 86272K, 77% used [0x0000000781a00000,0x0000000785ae0dd8,0x0000000786e40000)
 PSPermGen       total 27200K, used 27012K [0x000000077c800000, 0x000000077e290000, 0x0000000781a00000)
  object space 27200K, 99% used [0x000000077c800000,0x000000077e261018,0x000000077e290000)
Event: 18.411 GC heap after
Heap after GC invocations=14 (full 0):
 PSYoungGen      total 123584K, used 21026K [0x00000007d5e00000, 0x00000007deb60000, 0x0000000800000000)
  eden space 102528K, 0% used [0x00000007d5e00000,0x00000007d5e00000,0x00000007dc220000)
  from space 21056K, 99% used [0x00000007dd6d0000,0x00000007deb58ad8,0x00000007deb60000)
  to   space 21120K, 0% used [0x00000007dc220000,0x00000007dc220000,0x00000007dd6c0000)
 ParOldGen       total 86272K, used 77315K [0x0000000781a00000, 0x0000000786e40000, 0x00000007d5e00000)
  object space 86272K, 89% used [0x0000000781a00000,0x0000000786580ed0,0x0000000786e40000)
 PSPermGen       total 27200K, used 27012K [0x000000077c800000, 0x000000077e290000, 0x0000000781a00000)
  object space 27200K, 99% used [0x000000077c800000,0x000000077e261018,0x000000077e290000)
}
Event: 18.411 GC heap before
{Heap before GC invocations=15 (full 1):
 PSYoungGen      total 123584K, used 21026K [0x00000007d5e00000, 0x00000007deb60000, 0x0000000800000000)
  eden space 102528K, 0% used [0x00000007d5e00000,0x00000007d5e00000,0x00000007dc220000)
  from space 21056K, 99% used [0x00000007dd6d0000,0x00000007deb58ad8,0x00000007deb60000)
  to   space 21120K, 0% used [0x00000007dc220000,0x00000007dc220000,0x00000007dd6c0000)
 ParOldGen       total 86272K, used 77315K [0x0000000781a00000, 0x0000000786e40000, 0x00000007d5e00000)
  object space 86272K, 89% used [0x0000000781a00000,0x0000000786580ed0,0x0000000786e40000)
 PSPermGen       total 27200K, used 27012K [0x000000077c800000, 0x000000077e290000, 0x0000000781a00000)
  object space 27200K, 99% used [0x000000077c800000,0x000000077e261018,0x000000077e290000)
Event: 18.776 GC heap after
Heap after GC invocations=15 (full 1):
 PSYoungGen      total 123584K, used 0K [0x00000007d5e00000, 0x00000007deb60000, 0x0000000800000000)
  eden space 102528K, 0% used [0x00000007d5e00000,0x00000007d5e00000,0x00000007dc220000)
  from space 21056K, 0% used [0x00000007dd6d0000,0x00000007dd6d0000,0x00000007deb60000)
  to   space 21120K, 0% used [0x00000007dc220000,0x00000007dc220000,0x00000007dd6c0000)
 ParOldGen       total 86272K, used 47863K [0x0000000781a00000, 0x0000000786e40000, 0x00000007d5e00000)
  object space 86272K, 55% used [0x0000000781a00000,0x00000007848bdd70,0x0000000786e40000)
 PSPermGen       total 27200K, used 26999K [0x000000077c800000, 0x000000077e290000, 0x0000000781a00000)
  object space 27200K, 99% used [0x000000077c800000,0x000000077e25dc98,0x000000077e290000)
}

